Build started 5/6/2021 10:24:49 PM.
     1>Project "C:\Users\Cao Hai Dang\Desktop\SDL_gamevisual\GameSDLDemo\GameSDLDemo\GameSDLDemo.vcxproj" on node 2 (Build target(s)).
     1>ClCompile:
         C:\Program Files (x86)\Microsoft Visual Studio 11.0\VC\bin\CL.exe /c /ZI /nologo /W3 /WX- /Od /Oy- /D WIN32 /D _DEBUG /D _CONSOLE /D _UNICODE /D UNICODE /Gm /EHsc /RTC1 /MDd /GS /fp:precise /Zc:wchar_t /Zc:forScope /Fo"Debug\\" /Fd"Debug\vc110.pdb" /Gd /TP /analyze- /errorReport:prompt AmoObject.cpp BaseObject.cpp Common_Function.cpp MainObject.cpp TextObject.cpp ThreatObject.cpp main.cpp
         Common_Function.cpp
         Generating Code...
         Compiling...
         main.cpp
     1>c:\users\cao hai dang\desktop\sdl_gamevisual\gamesdldemo\gamesdldemo\main.cpp(65): warning C4244: '=' : conversion from 'double' to 'int', possible loss of data
     1>c:\users\cao hai dang\desktop\sdl_gamevisual\gamesdldemo\gamesdldemo\main.cpp(117): warning C4018: '<' : signed/unsigned mismatch
     1>c:\users\cao hai dang\desktop\sdl_gamevisual\gamesdldemo\gamesdldemo\main.cpp(146): warning C4018: '<' : signed/unsigned mismatch
         ThreatObject.cpp
     1>c:\users\cao hai dang\desktop\sdl_gamevisual\gamesdldemo\gamesdldemo\threatobject.cpp(6): warning C4244: '=' : conversion from 'double' to 'Sint16', possible loss of data
     1>c:\users\cao hai dang\desktop\sdl_gamevisual\gamesdldemo\gamesdldemo\threatobject.cpp(18): warning C4018: '<' : signed/unsigned mismatch
     1>c:\users\cao hai dang\desktop\sdl_gamevisual\gamesdldemo\gamesdldemo\threatobject.cpp(40): warning C4244: 'argument' : conversion from 'double' to 'int', possible loss of data
     1>c:\users\cao hai dang\desktop\sdl_gamevisual\gamesdldemo\gamesdldemo\threatobject.cpp(49): warning C4018: '<' : signed/unsigned mismatch
     1>c:\users\cao hai dang\desktop\sdl_gamevisual\gamesdldemo\gamesdldemo\threatobject.cpp(61): warning C4244: 'argument' : conversion from 'double' to 'int', possible loss of data
     1>c:\users\cao hai dang\desktop\sdl_gamevisual\gamesdldemo\gamesdldemo\threatobject.cpp(95): warning C4244: '=' : conversion from 'double' to 'int', possible loss of data
     1>c:\users\cao hai dang\desktop\sdl_gamevisual\gamesdldemo\gamesdldemo\threatobject.cpp(98): warning C4018: '<' : signed/unsigned mismatch
     1>c:\users\cao hai dang\desktop\sdl_gamevisual\gamesdldemo\gamesdldemo\threatobject.cpp(110): warning C4244: 'argument' : conversion from 'double' to 'int', possible loss of data
         TextObject.cpp
         MainObject.cpp
     1>c:\users\cao hai dang\desktop\sdl_gamevisual\gamesdldemo\gamesdldemo\mainobject.cpp(51): warning C4244: 'argument' : conversion from 'double' to 'int', possible loss of data
     1>c:\users\cao hai dang\desktop\sdl_gamevisual\gamesdldemo\gamesdldemo\mainobject.cpp(60): warning C4018: '<' : signed/unsigned mismatch
     1>c:\users\cao hai dang\desktop\sdl_gamevisual\gamesdldemo\gamesdldemo\mainobject.cpp(98): warning C4018: '<' : signed/unsigned mismatch
     1>c:\users\cao hai dang\desktop\sdl_gamevisual\gamesdldemo\gamesdldemo\mainobject.cpp(100): warning C4018: '<' : signed/unsigned mismatch
         BaseObject.cpp
         AmoObject.cpp
         Generating Code...
       Link:
         C:\Program Files (x86)\Microsoft Visual Studio 11.0\VC\bin\link.exe /ERRORREPORT:PROMPT /OUT:"C:\Users\Cao Hai Dang\Desktop\SDL_gamevisual\GameSDLDemo\Debug\GameSDLDemo.exe" /INCREMENTAL /NOLOGO SDL.lib SDLmain.lib SDL_image.lib SDL_mixer.lib SDL_ttf.lib kernel32.lib user32.lib gdi32.lib winspool.lib comdlg32.lib advapi32.lib shell32.lib ole32.lib oleaut32.lib uuid.lib odbc32.lib odbccp32.lib /MANIFEST /MANIFESTUAC:"level='asInvoker' uiAccess='false'" /manifest:embed /DEBUG /PDB:"C:\Users\Cao Hai Dang\Desktop\SDL_gamevisual\GameSDLDemo\Debug\GameSDLDemo.pdb" /SUBSYSTEM:CONSOLE /TLBID:1 /DYNAMICBASE /NXCOMPAT /IMPLIB:"C:\Users\Cao Hai Dang\Desktop\SDL_gamevisual\GameSDLDemo\Debug\GameSDLDemo.lib" /MACHINE:X86 Debug\BaseObject.obj
         Debug\Common_Function.obj
         Debug\main.obj
         Debug\MainObject.obj
         Debug\AmoObject.obj
         Debug\TextObject.obj
         Debug\ThreatObject.obj
         GameSDLDemo.vcxproj -> C:\Users\Cao Hai Dang\Desktop\SDL_gamevisual\GameSDLDemo\Debug\GameSDLDemo.exe
     1>Done Building Project "C:\Users\Cao Hai Dang\Desktop\SDL_gamevisual\GameSDLDemo\GameSDLDemo\GameSDLDemo.vcxproj" (Build target(s)).

Build succeeded.

Time Elapsed 00:00:08.07
