C:\USERS\CAO HAI DANG\DESKTOP\SDL_GAMEVISUAL\GAMESDLDEMO\GAMESDLDEMO\DEBUG\MAIN.OBJ
C:\USERS\CAO HAI DANG\DESKTOP\SDL_GAMEVISUAL\GAMESDLDEMO\GAMESDLDEMO\DEBUG\VC110.PDB
C:\USERS\CAO HAI DANG\DESKTOP\SDL_GAMEVISUAL\GAMESDLDEMO\GAMESDLDEMO\DEBUG\COMMON_FUNCTION.OBJ
C:\USERS\CAO HAI DANG\DESKTOP\SDL_GAMEVISUAL\GAMESDLDEMO\GAMESDLDEMO\DEBUG\BASEOBJECT.OBJ
C:\USERS\CAO HAI DANG\DESKTOP\SDL_GAMEVISUAL\GAMESDLDEMO\GAMESDLDEMO\DEBUG\MAINOBJECT.OBJ
C:\USERS\CAO HAI DANG\DESKTOP\SDL_GAMEVISUAL\GAMESDLDEMO\GAMESDLDEMO\DEBUG\AMOOBJECT.OBJ
C:\USERS\CAO HAI DANG\DESKTOP\SDL_GAMEVISUAL\GAMESDLDEMO\GAMESDLDEMO\DEBUG\THREATOBJEC.OBJ
C:\USERS\CAO HAI DANG\DESKTOP\SDL_GAMEVISUAL\GAMESDLDEMO\DEBUG\GAMESDLDEMO.ILK
C:\USERS\CAO HAI DANG\DESKTOP\SDL_GAMEVISUAL\GAMESDLDEMO\DEBUG\GAMESDLDEMO.EXE
C:\USERS\CAO HAI DANG\DESKTOP\SDL_GAMEVISUAL\GAMESDLDEMO\DEBUG\GAMESDLDEMO.PDB
C:\Users\Cao Hai Dang\Desktop\SDL_gamevisual\GameSDLDemo\GameSDLDemo\Debug\AmoObject.obj
C:\Users\Cao Hai Dang\Desktop\SDL_gamevisual\GameSDLDemo\GameSDLDemo\Debug\BaseObject.obj
C:\Users\Cao Hai Dang\Desktop\SDL_gamevisual\GameSDLDemo\GameSDLDemo\Debug\Common_Function.obj
C:\Users\Cao Hai Dang\Desktop\SDL_gamevisual\GameSDLDemo\GameSDLDemo\Debug\main.obj
C:\Users\Cao Hai Dang\Desktop\SDL_gamevisual\GameSDLDemo\GameSDLDemo\Debug\MainObject.obj
C:\Users\Cao Hai Dang\Desktop\SDL_gamevisual\GameSDLDemo\GameSDLDemo\Debug\ThreatObjec.obj
C:\Users\Cao Hai Dang\Desktop\SDL_gamevisual\GameSDLDemo\GameSDLDemo\Debug\cl.command.1.tlog
C:\Users\Cao Hai Dang\Desktop\SDL_gamevisual\GameSDLDemo\GameSDLDemo\Debug\CL.read.1.tlog
C:\Users\Cao Hai Dang\Desktop\SDL_gamevisual\GameSDLDemo\GameSDLDemo\Debug\CL.write.1.tlog
C:\Users\Cao Hai Dang\Desktop\SDL_gamevisual\GameSDLDemo\GameSDLDemo\Debug\link-cvtres.read.1.tlog
C:\Users\Cao Hai Dang\Desktop\SDL_gamevisual\GameSDLDemo\GameSDLDemo\Debug\link-cvtres.write.1.tlog
C:\Users\Cao Hai Dang\Desktop\SDL_gamevisual\GameSDLDemo\GameSDLDemo\Debug\link-rc.read.1.tlog
C:\Users\Cao Hai Dang\Desktop\SDL_gamevisual\GameSDLDemo\GameSDLDemo\Debug\link-rc.write.1.tlog
C:\Users\Cao Hai Dang\Desktop\SDL_gamevisual\GameSDLDemo\GameSDLDemo\Debug\link.13364-cvtres.read.1.tlog
C:\Users\Cao Hai Dang\Desktop\SDL_gamevisual\GameSDLDemo\GameSDLDemo\Debug\link.13364-cvtres.write.1.tlog
C:\Users\Cao Hai Dang\Desktop\SDL_gamevisual\GameSDLDemo\GameSDLDemo\Debug\link.13364-rc.read.1.tlog
C:\Users\Cao Hai Dang\Desktop\SDL_gamevisual\GameSDLDemo\GameSDLDemo\Debug\link.13364-rc.write.1.tlog
C:\Users\Cao Hai Dang\Desktop\SDL_gamevisual\GameSDLDemo\GameSDLDemo\Debug\link.13364.read.1.tlog
C:\Users\Cao Hai Dang\Desktop\SDL_gamevisual\GameSDLDemo\GameSDLDemo\Debug\link.13364.write.1.tlog
C:\Users\Cao Hai Dang\Desktop\SDL_gamevisual\GameSDLDemo\GameSDLDemo\Debug\link.14792-cvtres.read.1.tlog
C:\Users\Cao Hai Dang\Desktop\SDL_gamevisual\GameSDLDemo\GameSDLDemo\Debug\link.14792-cvtres.write.1.tlog
C:\Users\Cao Hai Dang\Desktop\SDL_gamevisual\GameSDLDemo\GameSDLDemo\Debug\link.14792-rc.read.1.tlog
C:\Users\Cao Hai Dang\Desktop\SDL_gamevisual\GameSDLDemo\GameSDLDemo\Debug\link.14792-rc.write.1.tlog
C:\Users\Cao Hai Dang\Desktop\SDL_gamevisual\GameSDLDemo\GameSDLDemo\Debug\link.14792.read.1.tlog
C:\Users\Cao Hai Dang\Desktop\SDL_gamevisual\GameSDLDemo\GameSDLDemo\Debug\link.14792.write.1.tlog
C:\Users\Cao Hai Dang\Desktop\SDL_gamevisual\GameSDLDemo\GameSDLDemo\Debug\link.15596-cvtres.read.1.tlog
C:\Users\Cao Hai Dang\Desktop\SDL_gamevisual\GameSDLDemo\GameSDLDemo\Debug\link.15596-cvtres.write.1.tlog
C:\Users\Cao Hai Dang\Desktop\SDL_gamevisual\GameSDLDemo\GameSDLDemo\Debug\link.15596-rc.read.1.tlog
C:\Users\Cao Hai Dang\Desktop\SDL_gamevisual\GameSDLDemo\GameSDLDemo\Debug\link.15596-rc.write.1.tlog
C:\Users\Cao Hai Dang\Desktop\SDL_gamevisual\GameSDLDemo\GameSDLDemo\Debug\link.15596.read.1.tlog
C:\Users\Cao Hai Dang\Desktop\SDL_gamevisual\GameSDLDemo\GameSDLDemo\Debug\link.15596.write.1.tlog
C:\Users\Cao Hai Dang\Desktop\SDL_gamevisual\GameSDLDemo\GameSDLDemo\Debug\link.15876-cvtres.read.1.tlog
C:\Users\Cao Hai Dang\Desktop\SDL_gamevisual\GameSDLDemo\GameSDLDemo\Debug\link.15876-cvtres.write.1.tlog
C:\Users\Cao Hai Dang\Desktop\SDL_gamevisual\GameSDLDemo\GameSDLDemo\Debug\link.15876-rc.read.1.tlog
C:\Users\Cao Hai Dang\Desktop\SDL_gamevisual\GameSDLDemo\GameSDLDemo\Debug\link.15876-rc.write.1.tlog
C:\Users\Cao Hai Dang\Desktop\SDL_gamevisual\GameSDLDemo\GameSDLDemo\Debug\link.15876.read.1.tlog
C:\Users\Cao Hai Dang\Desktop\SDL_gamevisual\GameSDLDemo\GameSDLDemo\Debug\link.15876.write.1.tlog
C:\Users\Cao Hai Dang\Desktop\SDL_gamevisual\GameSDLDemo\GameSDLDemo\Debug\link.16688-cvtres.read.1.tlog
C:\Users\Cao Hai Dang\Desktop\SDL_gamevisual\GameSDLDemo\GameSDLDemo\Debug\link.16688-cvtres.write.1.tlog
C:\Users\Cao Hai Dang\Desktop\SDL_gamevisual\GameSDLDemo\GameSDLDemo\Debug\link.16688-rc.read.1.tlog
C:\Users\Cao Hai Dang\Desktop\SDL_gamevisual\GameSDLDemo\GameSDLDemo\Debug\link.16688-rc.write.1.tlog
C:\Users\Cao Hai Dang\Desktop\SDL_gamevisual\GameSDLDemo\GameSDLDemo\Debug\link.16688.read.1.tlog
C:\Users\Cao Hai Dang\Desktop\SDL_gamevisual\GameSDLDemo\GameSDLDemo\Debug\link.16688.write.1.tlog
C:\Users\Cao Hai Dang\Desktop\SDL_gamevisual\GameSDLDemo\GameSDLDemo\Debug\link.1968-cvtres.read.1.tlog
C:\Users\Cao Hai Dang\Desktop\SDL_gamevisual\GameSDLDemo\GameSDLDemo\Debug\link.1968-cvtres.write.1.tlog
C:\Users\Cao Hai Dang\Desktop\SDL_gamevisual\GameSDLDemo\GameSDLDemo\Debug\link.1968-rc.read.1.tlog
C:\Users\Cao Hai Dang\Desktop\SDL_gamevisual\GameSDLDemo\GameSDLDemo\Debug\link.1968-rc.write.1.tlog
C:\Users\Cao Hai Dang\Desktop\SDL_gamevisual\GameSDLDemo\GameSDLDemo\Debug\link.1968.read.1.tlog
C:\Users\Cao Hai Dang\Desktop\SDL_gamevisual\GameSDLDemo\GameSDLDemo\Debug\link.1968.write.1.tlog
C:\Users\Cao Hai Dang\Desktop\SDL_gamevisual\GameSDLDemo\GameSDLDemo\Debug\link.2076-cvtres.read.1.tlog
C:\Users\Cao Hai Dang\Desktop\SDL_gamevisual\GameSDLDemo\GameSDLDemo\Debug\link.2076-cvtres.write.1.tlog
C:\Users\Cao Hai Dang\Desktop\SDL_gamevisual\GameSDLDemo\GameSDLDemo\Debug\link.2076-rc.read.1.tlog
C:\Users\Cao Hai Dang\Desktop\SDL_gamevisual\GameSDLDemo\GameSDLDemo\Debug\link.2076-rc.write.1.tlog
C:\Users\Cao Hai Dang\Desktop\SDL_gamevisual\GameSDLDemo\GameSDLDemo\Debug\link.2076.read.1.tlog
C:\Users\Cao Hai Dang\Desktop\SDL_gamevisual\GameSDLDemo\GameSDLDemo\Debug\link.2076.write.1.tlog
C:\Users\Cao Hai Dang\Desktop\SDL_gamevisual\GameSDLDemo\GameSDLDemo\Debug\link.4488-cvtres.read.1.tlog
C:\Users\Cao Hai Dang\Desktop\SDL_gamevisual\GameSDLDemo\GameSDLDemo\Debug\link.4488-cvtres.write.1.tlog
C:\Users\Cao Hai Dang\Desktop\SDL_gamevisual\GameSDLDemo\GameSDLDemo\Debug\link.4488-rc.read.1.tlog
C:\Users\Cao Hai Dang\Desktop\SDL_gamevisual\GameSDLDemo\GameSDLDemo\Debug\link.4488-rc.write.1.tlog
C:\Users\Cao Hai Dang\Desktop\SDL_gamevisual\GameSDLDemo\GameSDLDemo\Debug\link.4488.read.1.tlog
C:\Users\Cao Hai Dang\Desktop\SDL_gamevisual\GameSDLDemo\GameSDLDemo\Debug\link.4488.write.1.tlog
C:\Users\Cao Hai Dang\Desktop\SDL_gamevisual\GameSDLDemo\GameSDLDemo\Debug\link.5776-cvtres.read.1.tlog
C:\Users\Cao Hai Dang\Desktop\SDL_gamevisual\GameSDLDemo\GameSDLDemo\Debug\link.5776-cvtres.write.1.tlog
C:\Users\Cao Hai Dang\Desktop\SDL_gamevisual\GameSDLDemo\GameSDLDemo\Debug\link.5776-rc.read.1.tlog
C:\Users\Cao Hai Dang\Desktop\SDL_gamevisual\GameSDLDemo\GameSDLDemo\Debug\link.5776-rc.write.1.tlog
C:\Users\Cao Hai Dang\Desktop\SDL_gamevisual\GameSDLDemo\GameSDLDemo\Debug\link.5776.read.1.tlog
C:\Users\Cao Hai Dang\Desktop\SDL_gamevisual\GameSDLDemo\GameSDLDemo\Debug\link.5776.write.1.tlog
C:\Users\Cao Hai Dang\Desktop\SDL_gamevisual\GameSDLDemo\GameSDLDemo\Debug\link.command.1.tlog
C:\Users\Cao Hai Dang\Desktop\SDL_gamevisual\GameSDLDemo\GameSDLDemo\Debug\link.read.1.tlog
C:\Users\Cao Hai Dang\Desktop\SDL_gamevisual\GameSDLDemo\GameSDLDemo\Debug\link.write.1.tlog
C:\Users\Cao Hai Dang\Desktop\SDL_gamevisual\GameSDLDemo\GameSDLDemo\Debug\vc110.idb
C:\Users\Cao Hai Dang\Desktop\SDL_gamevisual\GameSDLDemo\GameSDLDemo\Debug\vc110.pdb
C:\Users\Cao Hai Dang\Desktop\SDL_gamevisual\GameSDLDemo\Debug\GameSDLDemo.pdb
C:\Users\Cao Hai Dang\Desktop\SDL_gamevisual\GameSDLDemo\Debug\GameSDLDemo.exe
C:\Users\Cao Hai Dang\Desktop\SDL_gamevisual\GameSDLDemo\Debug\GameSDLDemo.ilk
